<?xml version="1.0" encoding="UTF-8"?>
<testsuite name="JUnit Jupiter" tests="2" skipped="0" failures="1" errors="0" time="14" hostname="DESKTOP-FP1ML2L" timestamp="2022-05-26T01:21:15">
<properties>
[...]
</properties>
<testcase name="user_creates_token_and_Validate_Part_Details" classname="Tests.TestUnitTestingPOC" time="10" started-at="2022-05-25T19:51:01.5075624" finished-at="2022-05-25T19:51:12.4617052">
<system-out><![CDATA[
unique-id: [engine:junit-jupiter]/[class:Tests.TestUnitTestingPOC]/[method:user_creates_token_and_Validate_Part_Details(com.idera.xray.junit.customjunitxml.XrayTestReporter)]
display-name: user_creates_token_and_Validate_Part_Details(XrayTestReporter)
]]></system-out>
<system-out><![CDATA[

]]></system-out>
<properties>
<property name="testrun_comment"><![CDATA[Token Should be generated. Token No: Bearer eyJhbGciOiJSUzI1NiIsImtpZCI6IkVEM0I0RUM4NzUwQzM1QTk1Qzk5OURGMjY0MkE0NkU3MzgxQ0IzOTYiLCJ0eXAiOiJKV1QiLCJ4NXQiOiI3VHRPeUhVTU5hbGNtWjN5WkNwRzV6Z2NzNVkifQ.eyJuYmYiOjE2NTM1MDgyNzAsImV4cCI6MTY1MzUxMTg3MCwiaXNzIjoiT0F1dGhTZXJ2ZXIiLCJhdWQiOlsiT0F1dGhTZXJ2ZXIvcmVzb3VyY2VzIiwiSW5ub3ZhdG9yIl0sImNsaWVudF9pZCI6IklPTUFwcCIsInN1YiI6ImFkbWluIiwiYXV0aF90aW1lIjoxNjUzNTA4MjcwLCJpZHAiOiJsb2NhbCIsInVzZXJuYW1lIjoiYWRtaW4iLCJkYXRhYmFzZSI6Iklubm92YXRvclNvbHV0aW9uczEyIiwic2NvcGUiOlsiSW5ub3ZhdG9yIl0sImFtciI6WyJwYXNzd29yZCJdfQ.rRojI-bY1Bg0MW9eGWO-GmH-YxzEvcZvU3syL5kdQlsMDdOoVrdf3jBtmNCNbRMBaXBBRlPsXv5bgaxcAyJ_FmFtZS7ggYSCiiSJUcsHQDQJBHjnA_5BkqrdjEz40DKL_pOiL0Sn2io2tA1WP6L1u28IuJSKzECNXVL2WGjSl6TBlH9lIER2ou0YBzWHCe_AmiHf3LMZphX5bgjAUFFd8yCuWqh09XEew-xz7Ss9eqyGyjW2gSuiLAXqNi27BqqNhDkcoBGeDS-FWf2gj_IRk7bjEwON9fxzFdi81NJifhyE2mG6w1drFQV9Bxcl0yCKpQVVS_NW466o72qI3RwAKA]]></property>

<property name="requirements" value="CLIPP-1255"/>
<property name="test_description"><![CDATA[User first Creates an access token request then Validates a some details of an existing Part]]></property>
<property name="test_summary" value="Create access token and Validate Part Details "/>
<property name="testrun_evidence">
</property>
</properties>
</testcase>
<testcase name="create_newPart_Validate_and_delete" classname="Tests.TestUnitTestingPOC" time="3" started-at="2022-05-25T19:51:12.5463475" finished-at="2022-05-25T19:51:15.7385788">
<failure type="java.lang.AssertionError"><![CDATA[java.lang.AssertionError
	at org.junit.Assert.fail(Assert.java:87)
	at org.junit.Assert.assertTrue(Assert.java:42)
	at org.junit.Assert.assertTrue(Assert.java:53)
	at Pages.UnitTestPage.validatePartDetails(UnitTestPage.java:63)
	at Pages.UnitTestPage.createPartApi(UnitTestPage.java:80)
	at Tests.TestUnitTestingPOC.create_newPart_Validate_and_delete(TestUnitTestingPOC.java:48)
	at java.base/jdk.internal.reflect.NativeMethodAccessorImpl.invoke0(Native Method)
	at java.base/jdk.internal.reflect.NativeMethodAccessorImpl.invoke(NativeMethodAccessorImpl.java:62)
	at java.base/jdk.internal.reflect.DelegatingMethodAccessorImpl.invoke(DelegatingMethodAccessorImpl.java:43)
	at java.base/java.lang.reflect.Method.invoke(Method.java:566)
	at org.junit.platform.commons.util.ReflectionUtils.invokeMethod(ReflectionUtils.java:688)
	at org.junit.jupiter.engine.execution.MethodInvocation.proceed(MethodInvocation.java:60)
	at org.junit.jupiter.engine.execution.InvocationInterceptorChain$ValidatingInvocation.proceed(InvocationInterceptorChain.java:131)
	at org.junit.jupiter.api.extension.InvocationInterceptor.interceptTestMethod(InvocationInterceptor.java:118)
	at org.junit.jupiter.engine.execution.ExecutableInvoker$ReflectiveInterceptorCall.lambda$ofVoidMethod$0(ExecutableInvoker.java:115)
	at org.junit.jupiter.engine.execution.ExecutableInvoker.lambda$invoke$0(ExecutableInvoker.java:105)
	at org.junit.jupiter.engine.execution.InvocationInterceptorChain$InterceptedInvocation.proceed(InvocationInterceptorChain.java:106)
	at org.junit.jupiter.engine.extension.TimeoutExtension.intercept(TimeoutExtension.java:149)
	at org.junit.jupiter.engine.extension.TimeoutExtension.interceptTestableMethod(TimeoutExtension.java:140)
	at org.junit.jupiter.engine.extension.TimeoutExtension.interceptTestMethod(TimeoutExtension.java:84)
	at org.junit.jupiter.engine.execution.ExecutableInvoker$ReflectiveInterceptorCall.lambda$ofVoidMethod$0(ExecutableInvoker.java:115)
	at org.junit.jupiter.engine.execution.ExecutableInvoker.lambda$invoke$0(ExecutableInvoker.java:105)
	at org.junit.jupiter.engine.execution.InvocationInterceptorChain$InterceptedInvocation.proceed(InvocationInterceptorChain.java:106)
	at org.junit.jupiter.engine.execution.InvocationInterceptorChain.proceed(InvocationInterceptorChain.java:64)
	at org.junit.jupiter.engine.execution.InvocationInterceptorChain.chainAndInvoke(InvocationInterceptorChain.java:45)
	at org.junit.jupiter.engine.execution.InvocationInterceptorChain.invoke(InvocationInterceptorChain.java:37)
	at org.junit.jupiter.engine.execution.ExecutableInvoker.invoke(ExecutableInvoker.java:104)
	at org.junit.jupiter.engine.execution.ExecutableInvoker.invoke(ExecutableInvoker.java:98)
	at org.junit.jupiter.engine.descriptor.TestMethodTestDescriptor.lambda$invokeTestMethod$6(TestMethodTestDescriptor.java:210)
	at org.junit.platform.engine.support.hierarchical.ThrowableCollector.execute(ThrowableCollector.java:73)
	at org.junit.jupiter.engine.descriptor.TestMethodTestDescriptor.invokeTestMethod(TestMethodTestDescriptor.java:206)
	at org.junit.jupiter.engine.descriptor.TestMethodTestDescriptor.execute(TestMethodTestDescriptor.java:131)
	at org.junit.jupiter.engine.descriptor.TestMethodTestDescriptor.execute(TestMethodTestDescriptor.java:65)
	at org.junit.platform.engine.support.hierarchical.NodeTestTask.lambda$executeRecursively$6(NodeTestTask.java:151)
	at org.junit.platform.engine.support.hierarchical.ThrowableCollector.execute(ThrowableCollector.java:73)
	at org.junit.platform.engine.support.hierarchical.NodeTestTask.lambda$executeRecursively$8(NodeTestTask.java:141)
	at org.junit.platform.engine.support.hierarchical.Node.around(Node.java:137)
	at org.junit.platform.engine.support.hierarchical.NodeTestTask.lambda$executeRecursively$9(NodeTestTask.java:139)
	at org.junit.platform.engine.support.hierarchical.ThrowableCollector.execute(ThrowableCollector.java:73)
	at org.junit.platform.engine.support.hierarchical.NodeTestTask.executeRecursively(NodeTestTask.java:138)
	at org.junit.platform.engine.support.hierarchical.NodeTestTask.execute(NodeTestTask.java:95)
	at java.base/java.util.ArrayList.forEach(ArrayList.java:1541)
	at org.junit.platform.engine.support.hierarchical.SameThreadHierarchicalTestExecutorService.invokeAll(SameThreadHierarchicalTestExecutorService.java:41)
	at org.junit.platform.engine.support.hierarchical.NodeTestTask.lambda$executeRecursively$6(NodeTestTask.java:155)
	at org.junit.platform.engine.support.hierarchical.ThrowableCollector.execute(ThrowableCollector.java:73)
	at org.junit.platform.engine.support.hierarchical.NodeTestTask.lambda$executeRecursively$8(NodeTestTask.java:141)
	at org.junit.platform.engine.support.hierarchical.Node.around(Node.java:137)
	at org.junit.platform.engine.support.hierarchical.NodeTestTask.lambda$executeRecursively$9(NodeTestTask.java:139)
	at org.junit.platform.engine.support.hierarchical.ThrowableCollector.execute(ThrowableCollector.java:73)
	at org.junit.platform.engine.support.hierarchical.NodeTestTask.executeRecursively(NodeTestTask.java:138)
	at org.junit.platform.engine.support.hierarchical.NodeTestTask.execute(NodeTestTask.java:95)
	at java.base/java.util.ArrayList.forEach(ArrayList.java:1541)
	at org.junit.platform.engine.support.hierarchical.SameThreadHierarchicalTestExecutorService.invokeAll(SameThreadHierarchicalTestExecutorService.java:41)
	at org.junit.platform.engine.support.hierarchical.NodeTestTask.lambda$executeRecursively$6(NodeTestTask.java:155)
	at org.junit.platform.engine.support.hierarchical.ThrowableCollector.execute(ThrowableCollector.java:73)
	at org.junit.platform.engine.support.hierarchical.NodeTestTask.lambda$executeRecursively$8(NodeTestTask.java:141)
	at org.junit.platform.engine.support.hierarchical.Node.around(Node.java:137)
	at org.junit.platform.engine.support.hierarchical.NodeTestTask.lambda$executeRecursively$9(NodeTestTask.java:139)
	at org.junit.platform.engine.support.hierarchical.ThrowableCollector.execute(ThrowableCollector.java:73)
	at org.junit.platform.engine.support.hierarchical.NodeTestTask.executeRecursively(NodeTestTask.java:138)
	at org.junit.platform.engine.support.hierarchical.NodeTestTask.execute(NodeTestTask.java:95)
	at org.junit.platform.engine.support.hierarchical.SameThreadHierarchicalTestExecutorService.submit(SameThreadHierarchicalTestExecutorService.java:35)
	at org.junit.platform.engine.support.hierarchical.HierarchicalTestExecutor.execute(HierarchicalTestExecutor.java:57)
	at org.junit.platform.engine.support.hierarchical.HierarchicalTestEngine.execute(HierarchicalTestEngine.java:54)
	at org.junit.platform.launcher.core.EngineExecutionOrchestrator.execute(EngineExecutionOrchestrator.java:107)
	at org.junit.platform.launcher.core.EngineExecutionOrchestrator.execute(EngineExecutionOrchestrator.java:88)
	at org.junit.platform.launcher.core.EngineExecutionOrchestrator.lambda$execute$0(EngineExecutionOrchestrator.java:54)
	at org.junit.platform.launcher.core.EngineExecutionOrchestrator.withInterceptedStreams(EngineExecutionOrchestrator.java:67)
	at org.junit.platform.launcher.core.EngineExecutionOrchestrator.execute(EngineExecutionOrchestrator.java:52)
	at org.junit.platform.launcher.core.DefaultLauncher.execute(DefaultLauncher.java:114)
	at org.junit.platform.launcher.core.DefaultLauncher.execute(DefaultLauncher.java:86)
	at org.junit.platform.launcher.core.DefaultLauncherSession$DelegatingLauncher.execute(DefaultLauncherSession.java:86)
	at org.junit.platform.launcher.core.SessionPerRequestLauncher.execute(SessionPerRequestLauncher.java:53)
	at org.junit.platform.surefire.provider.JUnitPlatformProvider.invokeSingleClass(JUnitPlatformProvider.java:144)
	at org.junit.platform.surefire.provider.JUnitPlatformProvider.invokeAllTests(JUnitPlatformProvider.java:126)
	at org.junit.platform.surefire.provider.JUnitPlatformProvider.invoke(JUnitPlatformProvider.java:105)
	at org.apache.maven.surefire.booter.ForkedBooter.invokeProviderInSameClassLoader(ForkedBooter.java:290)
	at org.apache.maven.surefire.booter.ForkedBooter.runSuitesInProcess(ForkedBooter.java:242)
	at org.apache.maven.surefire.booter.ForkedBooter.main(ForkedBooter.java:121)
]]></failure>
<system-out><![CDATA[
unique-id: [engine:junit-jupiter]/[class:Tests.TestUnitTestingPOC]/[method:create_newPart_Validate_and_delete()]
display-name: create_newPart_Validate_and_delete()
]]></system-out>
<properties>
<property name="requirements" value="CLIPP-1255"/>
<property name="test_description"><![CDATA[User first Creates a new Part, validates the response and then delete the newly created Part]]></property>
<property name="test_summary" value="Create, validate and Delete part"/>
</properties>
</testcase>
<system-out><![CDATA[
unique-id: [engine:junit-jupiter]
display-name: JUnit Jupiter
]]></system-out>
</testsuite>
